Vivado Simulator 2019.1
Copyright 1986-1999, 2001-2019 Xilinx, Inc. All Rights Reserved.
Running: C:/Xilinx/Vivado/2019.1/bin/unwrapped/win64.o/xelab.exe -wto 223eec5514f2499ba8c59097fafad17c --incr --debug typical --relax --mt 2 -L xil_defaultlib -L secureip --snapshot tb_behav xil_defaultlib.tb -log elaborate.log 
Using 2 slave threads.
Starting static elaboration
Completed static elaboration
Starting simulation data flow analysis
Completed simulation data flow analysis
Time Resolution for simulation is 1ps
Compiling package std.standard
Compiling package std.textio
Compiling package ieee.std_logic_1164
Compiling package ieee.std_logic_arith
Compiling package ieee.std_logic_unsigned
Compiling package xil_defaultlib.risc_pkg
Compiling architecture behavioral of entity xil_defaultlib.mem_instr [mem_instr_default]
Compiling architecture behavioral of entity xil_defaultlib.set_reg [set_reg_default]
Compiling architecture behavioral of entity xil_defaultlib.FUNC [func_default]
Compiling architecture behavioral of entity xil_defaultlib.mux_4_1 [mux_4_1_default]
Compiling architecture behavioral of entity xil_defaultlib.DEPL [depl_default]
Compiling architecture behavioral of entity xil_defaultlib.unit_aritm [unit_aritm_default]
Compiling architecture behavioral of entity xil_defaultlib.mem_date [mem_date_default]
Compiling architecture behavioral of entity xil_defaultlib.FDN [\FDN(n=32)\]
Compiling architecture behavioral of entity xil_defaultlib.FDN [\FDN(n=7)\]
Compiling architecture behavioral of entity xil_defaultlib.FDN [\FDN(n=2)\]
Compiling architecture behavioral of entity xil_defaultlib.FDN [\FDN(n=22)\]
Compiling architecture behavioral of entity xil_defaultlib.proc_RISC [proc_risc_default]
Compiling architecture behavioral of entity xil_defaultlib.tb
Built simulation snapshot tb_behav
